Base path: '/Applications/Unity/Hub/Editor/2019.4.0f1/Unity.app/Contents', plugins path '/Applications/Unity/Hub/Editor/2019.4.0f1/Unity.app/Contents/PlaybackEngines'
Cmd: initializeCompiler
Cmd: compileComputeKernel
  api=14 insize=2307 outsize=26926 ok=1
Cmd: compileComputeKernel
  api=14 insize=9735 outsize=10355 ok=1
Cmd: translateComputeKernel
  api=14 insize=12174 outsize=18973 ok=1
Cmd: compileComputeKernel
  api=14 insize=7840 outsize=16254 ok=1
Cmd: translateComputeKernel
  api=14 insize=16288 outsize=22956 ok=1
Cmd: compileComputeKernel
  api=14 insize=8233 outsize=1327 ok=1
Cmd: translateComputeKernel
  api=14 insize=1377 outsize=1032 ok=1
Cmd: compileComputeKernel
  api=14 insize=6119 outsize=10807 ok=1
Cmd: compileComputeKernel
  api=14 insize=6119 outsize=10908 ok=1
Cmd: translateComputeKernel
  api=14 insize=11708 outsize=14715 ok=1
Cmd: translateComputeKernel
  api=14 insize=11809 outsize=14907 ok=1
Cmd: compileComputeKernel
  api=14 insize=6745 outsize=9901 ok=1
Cmd: compileComputeKernel
  api=14 insize=6745 outsize=11530 ok=1
Cmd: compileComputeKernel
  api=14 insize=6745 outsize=10561 ok=1
Cmd: compileComputeKernel
  api=14 insize=6745 outsize=11451 ok=1
Cmd: compileComputeKernel
  api=14 insize=6745 outsize=1403 ok=1
Cmd: translateComputeKernel
  api=14 insize=10081 outsize=11906 ok=1
Cmd: translateComputeKernel
  api=14 insize=1909 outsize=2256 ok=1
Cmd: translateComputeKernel
  api=14 insize=1533 outsize=1757 ok=1
Cmd: translateComputeKernel
  api=14 insize=13470 outsize=17327 ok=1
Cmd: compileComputeKernel
  api=14 insize=8512 outsize=3398 ok=1
Cmd: translateComputeKernel
  api=14 insize=7441 outsize=12951 ok=1
Cmd: compileComputeKernel
  api=14 insize=9103 outsize=3827 ok=1
Cmd: translateComputeKernel
  api=14 insize=3239 outsize=5344 ok=1
Cmd: translateComputeKernel
  api=14 insize=5006 outsize=8900 ok=1
Cmd: compileComputeKernel
  api=14 insize=26542 outsize=16225 ok=1
Cmd: compileComputeKernel
  api=14 insize=26542 outsize=18125 ok=1
Cmd: compileComputeKernel
  api=14 insize=26542 outsize=18329 ok=1
Cmd: translateComputeKernel
  api=14 insize=17507 outsize=34138 ok=1
Cmd: translateComputeKernel
  api=14 insize=17711 outsize=34586 ok=1
Cmd: compileComputeKernel
  api=14 insize=16295 outsize=119051 ok=1
Cmd: compileComputeKernel
  api=14 insize=16295 outsize=25020 ok=1
Cmd: compileComputeKernel
  api=14 insize=16295 outsize=34371 ok=1
Cmd: compileComputeKernel
  api=14 insize=16295 outsize=64046 ok=1
Cmd: compileComputeKernel
  api=14 insize=16295 outsize=74259 ok=1
Cmd: compileComputeKernel
  api=14 insize=16295 outsize=53367 ok=1
Cmd: compileComputeKernel
  api=14 insize=16295 outsize=61787 ok=1
Cmd: compileComputeKernel
  api=14 insize=16295 outsize=74311 ok=1
Cmd: compileComputeKernel
  api=14 insize=16295 outsize=53311 ok=1
Cmd: compileComputeKernel
  api=14 insize=16295 outsize=61787 ok=1
Cmd: compileComputeKernel
  api=14 insize=16295 outsize=25031 ok=1
Cmd: compileComputeKernel
  api=14 insize=16295 outsize=26354 ok=1
Cmd: compileComputeKernel
  api=14 insize=16295 outsize=52459 ok=1
Cmd: compileComputeKernel
  api=14 insize=16295 outsize=60867 ok=1
Cmd: compileComputeKernel
  api=14 insize=16295 outsize=76584 ok=1
Cmd: compileComputeKernel
  api=14 insize=16295 outsize=55188 ok=1
Cmd: compileComputeKernel
  api=14 insize=16295 outsize=63636 ok=1
Cmd: compileComputeKernel
  api=14 insize=16295 outsize=76592 ok=1
Cmd: compileComputeKernel
  api=14 insize=16295 outsize=55120 ok=1
Cmd: compileComputeKernel
  api=14 insize=16295 outsize=63572 ok=1
Cmd: translateComputeKernel
  api=14 insize=140611 outsize=330436 ok=1
Cmd: translateComputeKernel
  api=14 insize=66326 outsize=139732 ok=1
Cmd: translateComputeKernel
  api=14 insize=62644 outsize=124769 ok=1
Cmd: translateComputeKernel
  api=14 insize=75372 outsize=156968 ok=1
Cmd: translateComputeKernel
  api=14 insize=67724 outsize=138579 ok=1
Cmd: translateComputeKernel
  api=14 insize=122125 outsize=290588 ok=1
Cmd: translateComputeKernel
  api=14 insize=90950 outsize=197234 ok=1
Cmd: translateComputeKernel
  api=14 insize=70005 outsize=145147 ok=1
Cmd: translateComputeKernel
  api=14 insize=124666 outsize=297559 ok=1
Cmd: compileComputeKernel
  api=14 insize=5893 outsize=7976 ok=1
Cmd: translateComputeKernel
  api=14 insize=7976 outsize=14425 ok=1
Cmd: translateComputeKernel
  api=14 insize=4981 outsize=9135 ok=1
Cmd: compileComputeKernel
  api=14 insize=2557 outsize=894 ok=1
Cmd: translateComputeKernel
  api=14 insize=1305 outsize=2197 ok=1
Cmd: compileComputeKernel
  api=14 insize=1207 outsize=9377 ok=1
Cmd: compileComputeKernel
  api=14 insize=12177 outsize=1920 ok=1
Cmd: translateComputeKernel
  api=14 insize=1799 outsize=2119 ok=1
Cmd: compileComputeKernel
  api=14 insize=6051 outsize=7438 ok=1
Cmd: translateComputeKernel
  api=14 insize=7438 outsize=16836 ok=1
Cmd: compileComputeKernel
  api=14 insize=11069 outsize=19111 ok=1
Cmd: compileComputeKernel
  api=14 insize=3447 outsize=10773 ok=1
Cmd: compileComputeKernel
  api=14 insize=7589 outsize=1870 ok=1
Cmd: compileComputeKernel
  api=14 insize=7589 outsize=1881 ok=1
Cmd: translateComputeKernel
  api=14 insize=6999 outsize=13530 ok=1
Cmd: compileComputeKernel
  api=14 insize=13959 outsize=517 ok=1
Cmd: compileComputeKernel
  api=14 insize=13959 outsize=3328 ok=1
Cmd: translateComputeKernel
  api=14 insize=4144 outsize=7369 ok=1
Cmd: compileComputeKernel
  api=14 insize=10587 outsize=10213 ok=1
Cmd: compileComputeKernel
  api=14 insize=10587 outsize=16462 ok=1
Cmd: translateComputeKernel
  api=14 insize=18460 outsize=27603 ok=1
Cmd: initializeCompiler

Quitting shader compiler process
